<?xml version="1.0" encoding="UTF-8"?>
<!-- Generated by org.testng.reporters.JUnitReportReporter -->
<testsuite skipped="0" hostname="LAPTOP-73VFUBCG" name="regressionsuite.TC02VerifyUsersPageTest" tests="1" failures="0" timestamp="2022-01-01T00:13:05 IST" time="38.841" errors="0">
  <testcase name="TC02VerifyUsersPage" time="38.841" classname="regressionsuite.TC02VerifyUsersPageTest"/>
  <system-out/>
</testsuite> <!-- regressionsuite.TC02VerifyUsersPageTest -->
