<?xml version="1.0" encoding="UTF-8"?>
<!-- Generated by org.testng.reporters.JUnitReportReporter -->
<testsuite skipped="0" hostname="LAPTOP-73VFUBCG" name="regressionsuite.TC01VerifyHomePageTest" tests="1" failures="0" timestamp="2022-01-01T00:13:05 IST" time="30.749" errors="0">
  <testcase name="TC01VerifyHomePage" time="30.749" classname="regressionsuite.TC01VerifyHomePageTest"/>
  <system-out/>
</testsuite> <!-- regressionsuite.TC01VerifyHomePageTest -->
