<?xml version="1.0" encoding="UTF-8"?>
<!-- Generated by org.testng.reporters.JUnitReportReporter -->
<testsuite skipped="0" hostname="LAPTOP-73VFUBCG" name="regressionsuite.TC04CreateNewUserTest" tests="1" failures="0" timestamp="2022-01-01T00:13:05 IST" time="52.566" errors="0">
  <testcase name="TC04CreateNewUser" time="52.566" classname="regressionsuite.TC04CreateNewUserTest"/>
  <system-out/>
</testsuite> <!-- regressionsuite.TC04CreateNewUserTest -->
