<?xml version="1.0" encoding="UTF-8"?>
<!-- Generated by org.testng.reporters.JUnitReportReporter -->
<testsuite skipped="0" hostname="LAPTOP-73VFUBCG" name="regressionsuite.TC03VerifyTasksPageTest" tests="1" failures="0" timestamp="2022-01-01T00:13:05 IST" time="34.786" errors="0">
  <testcase name="TC03VerifyTasksPage" time="34.786" classname="regressionsuite.TC03VerifyTasksPageTest"/>
  <system-out/>
</testsuite> <!-- regressionsuite.TC03VerifyTasksPageTest -->
