<?xml version="1.0" encoding="UTF-8"?>
<!-- Generated by org.testng.reporters.JUnitReportReporter -->
<testsuite skipped="0" hostname="LAPTOP-73VFUBCG" name="regressionsuite.TC02VerifyUsersPageTest" tests="1" failures="0" timestamp="2021-12-31T23:53:07 IST" time="27.679" errors="0">
  <testcase name="TC02VerifyUsersPage" time="27.679" classname="regressionsuite.TC02VerifyUsersPageTest"/>
  <system-out/>
</testsuite> <!-- regressionsuite.TC02VerifyUsersPageTest -->
