<?xml version="1.0" encoding="UTF-8"?>
<!-- Generated by org.testng.reporters.JUnitReportReporter -->
<testsuite skipped="0" hostname="LAPTOP-73VFUBCG" name="regressionsuite.TC04CreateNewUserTest" tests="1" failures="0" timestamp="2021-12-31T23:53:07 IST" time="39.242" errors="0">
  <testcase name="TC04CreateNewUser" time="39.242" classname="regressionsuite.TC04CreateNewUserTest"/>
  <system-out/>
</testsuite> <!-- regressionsuite.TC04CreateNewUserTest -->
