<?xml version="1.0" encoding="UTF-8"?>
<!-- Generated by org.testng.reporters.JUnitReportReporter -->
<testsuite skipped="0" hostname="LAPTOP-73VFUBCG" name="regressionsuite.TC01VerifyHomePageTest" tests="1" failures="0" timestamp="2021-12-31T23:53:07 IST" time="25.437" errors="0">
  <testcase name="TC01VerifyHomePage" time="25.437" classname="regressionsuite.TC01VerifyHomePageTest"/>
  <system-out/>
</testsuite> <!-- regressionsuite.TC01VerifyHomePageTest -->
