<?xml version="1.0" encoding="UTF-8"?>
<!-- Generated by org.testng.reporters.JUnitReportReporter -->
<testsuite skipped="0" hostname="LAPTOP-73VFUBCG" name="regressionsuite.TC03VerifyTasksPageTest" tests="1" failures="0" timestamp="2021-12-31T23:53:07 IST" time="25.098" errors="0">
  <testcase name="TC03VerifyTasksPage" time="25.098" classname="regressionsuite.TC03VerifyTasksPageTest"/>
  <system-out/>
</testsuite> <!-- regressionsuite.TC03VerifyTasksPageTest -->
